[36m2023-11-10 17:37:38 - DEBUG - d20=[0m
[36m2023-11-10 17:37:38 - DEBUG - []=[0m
[36m2023-11-10 17:38:10 - DEBUG - d20=[0m
[36m2023-11-10 17:38:10 - DEBUG - []=[0m
[36m2023-11-10 17:39:10 - DEBUG - d20=[0m
[36m2023-11-10 17:39:10 - DEBUG - []=[0m
[36m2023-11-10 17:39:10 - DEBUG - []=[0m
[36m2023-11-10 17:39:10 - DEBUG - []=[0m
[36m2023-11-10 17:39:34 - DEBUG - d20=[0m
[36m2023-11-10 17:39:34 - DEBUG - dies=[][0m
[36m2023-11-10 17:39:34 - DEBUG - has_dc=[][0m
[36m2023-11-10 17:39:34 - DEBUG - has_bonus=[][0m
[36m2023-11-10 17:39:59 - DEBUG - d20=[0m
[36m2023-11-10 17:39:59 - DEBUG - dies=[][0m
[36m2023-11-10 17:39:59 - DEBUG - has_dc=[][0m
[36m2023-11-10 17:39:59 - DEBUG - has_bonus=[][0m
[36m2023-11-10 17:40:07 - DEBUG - d20=[0m
[36m2023-11-10 17:40:07 - DEBUG - dies=[][0m
[36m2023-11-10 17:40:07 - DEBUG - has_dc=[][0m
[36m2023-11-10 17:40:07 - DEBUG - has_bonus=[][0m
[36m2023-11-10 17:40:09 - DEBUG - d20=[0m
[36m2023-11-10 17:40:09 - DEBUG - dies=[][0m
[36m2023-11-10 17:40:09 - DEBUG - has_dc=[][0m
[36m2023-11-10 17:40:09 - DEBUG - has_bonus=[][0m
[36m2023-11-10 17:40:18 - DEBUG - expression='d20'[0m
[36m2023-11-10 17:40:18 - DEBUG - dies=[][0m
[36m2023-11-10 17:40:18 - DEBUG - has_dc=[][0m
[36m2023-11-10 17:40:18 - DEBUG - has_bonus=[][0m
[36m2023-11-10 17:41:05 - DEBUG - expression='d20'[0m
[36m2023-11-10 17:41:05 - DEBUG - dies=[('', '', '', 'd', '20')][0m
[36m2023-11-10 17:41:05 - DEBUG - has_dc=[][0m
[36m2023-11-10 17:41:05 - DEBUG - has_bonus=[][0m
[36m2023-11-10 17:41:52 - DEBUG - expression='d20'[0m
[36m2023-11-10 17:41:52 - DEBUG - dies=[('d', '20')][0m
[36m2023-11-10 17:41:52 - DEBUG - has_dc=[][0m
[36m2023-11-10 17:41:52 - DEBUG - has_bonus=[][0m
[36m2023-11-10 17:42:34 - DEBUG - expression='d20'[0m
[36m2023-11-10 17:42:34 - DEBUG - dies=[('d', '20')][0m
[36m2023-11-10 17:42:34 - DEBUG - has_dc=[][0m
[36m2023-11-10 17:42:34 - DEBUG - has_bonus=[][0m
[36m2023-11-10 17:42:34 - DEBUG - expression='d20 > d20'[0m
[36m2023-11-10 17:42:34 - DEBUG - dies=[('d', '20'), ('d', '20')][0m
[36m2023-11-10 17:42:34 - DEBUG - adv_disv='>'[0m
[36m2023-11-10 17:42:34 - DEBUG - has_dc=[][0m
[36m2023-11-10 17:42:34 - DEBUG - has_bonus=[][0m
[36m2023-11-10 17:42:34 - DEBUG - expression='d20 + 6 dc 15'[0m
[36m2023-11-10 17:42:34 - DEBUG - dies=[('d', '20')][0m
[36m2023-11-10 17:42:34 - DEBUG - has_dc=[][0m
[36m2023-11-10 17:42:34 - DEBUG - has_bonus=[('+', '6')][0m
[36m2023-11-10 17:43:00 - DEBUG - expression='d20'[0m
[36m2023-11-10 17:43:00 - DEBUG - dies=[('d', '20')][0m
[36m2023-11-10 17:43:00 - DEBUG - has_dc=[][0m
[36m2023-11-10 17:43:00 - DEBUG - has_bonus=[][0m
[33m2023-11-10 17:43:00 - WARNING - 16[0m
[36m2023-11-10 17:43:00 - DEBUG - expression='d20 > d20'[0m
[36m2023-11-10 17:43:00 - DEBUG - dies=[('d', '20'), ('d', '20')][0m
[36m2023-11-10 17:43:00 - DEBUG - adv_disv='>'[0m
[36m2023-11-10 17:43:00 - DEBUG - has_dc=[][0m
[36m2023-11-10 17:43:00 - DEBUG - has_bonus=[][0m
[33m2023-11-10 17:43:00 - WARNING - 20[0m
[36m2023-11-10 17:43:00 - DEBUG - expression='d20 + 6 dc 15'[0m
[36m2023-11-10 17:43:00 - DEBUG - dies=[('d', '20')][0m
[36m2023-11-10 17:43:00 - DEBUG - has_dc=[][0m
[36m2023-11-10 17:43:00 - DEBUG - has_bonus=[('+', '6')][0m
[36m2023-11-10 17:43:08 - DEBUG - expression='d20'[0m
[36m2023-11-10 17:43:08 - DEBUG - dies=[('d', '20')][0m
[36m2023-11-10 17:43:08 - DEBUG - has_dc=[][0m
[36m2023-11-10 17:43:08 - DEBUG - has_bonus=[][0m
[33m2023-11-10 17:43:08 - WARNING - roll=19[0m
[36m2023-11-10 17:43:08 - DEBUG - expression='d20 > d20'[0m
[36m2023-11-10 17:43:08 - DEBUG - dies=[('d', '20'), ('d', '20')][0m
[36m2023-11-10 17:43:08 - DEBUG - adv_disv='>'[0m
[36m2023-11-10 17:43:08 - DEBUG - has_dc=[][0m
[36m2023-11-10 17:43:08 - DEBUG - has_bonus=[][0m
[33m2023-11-10 17:43:08 - WARNING - roll=12[0m
[36m2023-11-10 17:43:08 - DEBUG - expression='d20 + 6 dc 15'[0m
[36m2023-11-10 17:43:08 - DEBUG - dies=[('d', '20')][0m
[36m2023-11-10 17:43:08 - DEBUG - has_dc=[][0m
[36m2023-11-10 17:43:08 - DEBUG - has_bonus=[('+', '6')][0m
[36m2023-11-10 17:43:32 - DEBUG - expression='d20'[0m
[36m2023-11-10 17:43:32 - DEBUG - dies=[('d', '20')][0m
[36m2023-11-10 17:43:32 - DEBUG - has_dc=[][0m
[36m2023-11-10 17:43:32 - DEBUG - has_bonus=[][0m
[33m2023-11-10 17:43:32 - WARNING - roll=5[0m
[36m2023-11-10 17:43:32 - DEBUG - expression='d20 > d20'[0m
[36m2023-11-10 17:43:32 - DEBUG - dies=[('d', '20'), ('d', '20')][0m
[36m2023-11-10 17:43:32 - DEBUG - adv_disv='>'[0m
[36m2023-11-10 17:43:32 - DEBUG - has_dc=[][0m
[36m2023-11-10 17:43:32 - DEBUG - has_bonus=[][0m
[33m2023-11-10 17:43:32 - WARNING - roll=13[0m
[36m2023-11-10 17:43:32 - DEBUG - expression='d20 + 6 dc 15'[0m
[36m2023-11-10 17:43:32 - DEBUG - dies=[('d', '20')][0m
[36m2023-11-10 17:43:32 - DEBUG - has_dc=[('dc', '15')][0m
[36m2023-11-10 17:43:32 - DEBUG - has_bonus=[('+', '6')][0m
[36m2023-11-10 17:43:58 - DEBUG - expression='d20'[0m
[36m2023-11-10 17:43:58 - DEBUG - dies=[('d', '20')][0m
[36m2023-11-10 17:43:58 - DEBUG - has_dc=[][0m
[36m2023-11-10 17:43:58 - DEBUG - has_bonus=[][0m
[33m2023-11-10 17:43:58 - WARNING - roll=9[0m
[36m2023-11-10 17:43:58 - DEBUG - expression='d20 > d20'[0m
[36m2023-11-10 17:43:58 - DEBUG - dies=[('d', '20'), ('d', '20')][0m
[36m2023-11-10 17:43:58 - DEBUG - adv_disv='>'[0m
[36m2023-11-10 17:43:58 - DEBUG - has_dc=[][0m
[36m2023-11-10 17:43:58 - DEBUG - has_bonus=[][0m
[33m2023-11-10 17:43:58 - WARNING - roll=5[0m
[36m2023-11-10 17:43:58 - DEBUG - expression='d20 + 6 dc 15'[0m
[36m2023-11-10 17:43:58 - DEBUG - dies=[('d', '20')][0m
[36m2023-11-10 17:43:58 - DEBUG - has_dc=[('dc', '15')][0m
[36m2023-11-10 17:43:58 - DEBUG - has_bonus=[('+', '6')][0m
[36m2023-11-10 17:43:58 - DEBUG - bonus: ('+', '6')[0m
[36m2023-11-10 17:44:28 - DEBUG - expression='d20'[0m
[36m2023-11-10 17:44:28 - DEBUG - dies=[('d', '20')][0m
[36m2023-11-10 17:45:02 - DEBUG - expression='d20'[0m
[36m2023-11-10 17:45:02 - DEBUG - dies=[('d', '20')][0m
[36m2023-11-10 17:45:02 - DEBUG - has_dc=False[0m
[36m2023-11-10 17:45:02 - DEBUG - has_bonus=[][0m
[33m2023-11-10 17:45:02 - WARNING - roll=11[0m
[36m2023-11-10 17:45:02 - DEBUG - expression='d20 > d20'[0m
[36m2023-11-10 17:45:02 - DEBUG - dies=[('d', '20'), ('d', '20')][0m
[36m2023-11-10 17:45:02 - DEBUG - adv_disv='>'[0m
[36m2023-11-10 17:45:02 - DEBUG - has_dc=False[0m
[36m2023-11-10 17:45:02 - DEBUG - has_bonus=[][0m
[33m2023-11-10 17:45:02 - WARNING - roll=13[0m
[36m2023-11-10 17:45:02 - DEBUG - expression='d20 + 6 dc 15'[0m
[36m2023-11-10 17:45:02 - DEBUG - dies=[('d', '20')][0m
[36m2023-11-10 17:45:02 - DEBUG - has_dc=15[0m
[36m2023-11-10 17:45:02 - DEBUG - has_bonus=[('+', '6')][0m
[36m2023-11-10 17:45:02 - DEBUG - bonus: ('+', '6')[0m
[36m2023-11-10 17:45:16 - DEBUG - expression='d20'[0m
[36m2023-11-10 17:45:16 - DEBUG - dies=[('d', '20')][0m
[36m2023-11-10 17:45:16 - DEBUG - adv_disv=False[0m
[36m2023-11-10 17:45:16 - DEBUG - has_dc=False[0m
[36m2023-11-10 17:45:16 - DEBUG - has_bonus=[][0m
[33m2023-11-10 17:45:16 - WARNING - roll=16[0m
[36m2023-11-10 17:45:16 - DEBUG - expression='d20 > d20'[0m
[36m2023-11-10 17:45:16 - DEBUG - dies=[('d', '20'), ('d', '20')][0m
[36m2023-11-10 17:45:16 - DEBUG - adv_disv='>'[0m
[36m2023-11-10 17:45:16 - DEBUG - has_dc=False[0m
[36m2023-11-10 17:45:16 - DEBUG - has_bonus=[][0m
[33m2023-11-10 17:45:16 - WARNING - roll=19[0m
[36m2023-11-10 17:45:16 - DEBUG - expression='d20 + 6 dc 15'[0m
[36m2023-11-10 17:45:16 - DEBUG - dies=[('d', '20')][0m
[36m2023-11-10 17:45:16 - DEBUG - adv_disv=False[0m
[36m2023-11-10 17:45:16 - DEBUG - has_dc=15[0m
[36m2023-11-10 17:45:16 - DEBUG - has_bonus=[('+', '6')][0m
[36m2023-11-10 17:45:16 - DEBUG - bonus: ('+', '6')[0m
[36m2023-11-10 17:47:45 - DEBUG - expression='d20'[0m
[36m2023-11-10 17:47:45 - DEBUG - dies=[('d', '20')][0m
[36m2023-11-10 17:47:45 - DEBUG - adv_disv=False[0m
[36m2023-11-10 17:47:45 - DEBUG - has_dc=False[0m
[36m2023-11-10 17:47:45 - DEBUG - has_bonus=False[0m
[33m2023-11-10 17:47:45 - WARNING - roll=19[0m
[36m2023-11-10 17:47:45 - DEBUG - expression='d20 > d20'[0m
[36m2023-11-10 17:47:45 - DEBUG - dies=[('d', '20'), ('d', '20')][0m
[36m2023-11-10 17:47:45 - DEBUG - adv_disv='>'[0m
[36m2023-11-10 17:47:45 - DEBUG - has_dc=False[0m
[36m2023-11-10 17:47:45 - DEBUG - has_bonus=False[0m
[33m2023-11-10 17:47:45 - WARNING - roll=19[0m
[36m2023-11-10 17:47:45 - DEBUG - expression='d20 + 6 dc 15'[0m
[36m2023-11-10 17:47:45 - DEBUG - dies=[('d', '20')][0m
[36m2023-11-10 17:47:45 - DEBUG - adv_disv=False[0m
[36m2023-11-10 17:47:45 - DEBUG - has_dc=15[0m
[36m2023-11-10 17:47:45 - DEBUG - has_bonus=6[0m
[36m2023-11-10 17:48:01 - DEBUG - expression='d20'[0m
[36m2023-11-10 17:48:01 - DEBUG - dies=[('d', '20')][0m
[36m2023-11-10 17:48:01 - DEBUG - adv_disv=False[0m
[36m2023-11-10 17:48:01 - DEBUG - has_dc=False[0m
[36m2023-11-10 17:48:01 - DEBUG - has_bonus=False[0m
[33m2023-11-10 17:48:01 - WARNING - roll=19[0m
[36m2023-11-10 17:48:01 - DEBUG - expression='d20 > d20'[0m
[36m2023-11-10 17:48:01 - DEBUG - dies=[('d', '20'), ('d', '20')][0m
[36m2023-11-10 17:48:01 - DEBUG - adv_disv='>'[0m
[36m2023-11-10 17:48:01 - DEBUG - has_dc=False[0m
[36m2023-11-10 17:48:01 - DEBUG - has_bonus=False[0m
[33m2023-11-10 17:48:01 - WARNING - roll=12[0m
[36m2023-11-10 17:48:01 - DEBUG - expression='d20 + 6 dc 15'[0m
[36m2023-11-10 17:48:01 - DEBUG - dies=[('d', '20')][0m
[36m2023-11-10 17:48:01 - DEBUG - adv_disv=False[0m
[36m2023-11-10 17:48:01 - DEBUG - has_dc=15[0m
[36m2023-11-10 17:48:01 - DEBUG - has_bonus=6[0m
[36m2023-11-10 17:48:01 - DEBUG - bonus: 6[0m
[36m2023-11-10 17:48:14 - DEBUG - expression='d20'[0m
[36m2023-11-10 17:48:14 - DEBUG - dies=[('d', '20')][0m
[36m2023-11-10 17:48:14 - DEBUG - adv_disv=False[0m
[36m2023-11-10 17:48:14 - DEBUG - has_dc=False[0m
[36m2023-11-10 17:48:14 - DEBUG - has_bonus=False[0m
[33m2023-11-10 17:48:14 - WARNING - roll=5[0m
[36m2023-11-10 17:48:14 - DEBUG - expression='d20 > d20'[0m
[36m2023-11-10 17:48:14 - DEBUG - dies=[('d', '20'), ('d', '20')][0m
[36m2023-11-10 17:48:14 - DEBUG - adv_disv='>'[0m
[36m2023-11-10 17:48:14 - DEBUG - has_dc=False[0m
[36m2023-11-10 17:48:14 - DEBUG - has_bonus=False[0m
[33m2023-11-10 17:48:14 - WARNING - roll=15[0m
[36m2023-11-10 17:48:14 - DEBUG - expression='d20 + 6 dc 15'[0m
[36m2023-11-10 17:48:14 - DEBUG - dies=[('d', '20')][0m
[36m2023-11-10 17:48:14 - DEBUG - adv_disv=False[0m
[36m2023-11-10 17:48:14 - DEBUG - has_dc=15[0m
[36m2023-11-10 17:48:14 - DEBUG - has_bonus=6[0m
[36m2023-11-10 17:48:14 - DEBUG - bonus: 6[0m
[36m2023-11-10 17:48:14 - DEBUG - expression='d20 - 6 dc 15'[0m
[36m2023-11-10 17:48:14 - DEBUG - dies=[('d', '20')][0m
[36m2023-11-10 17:48:14 - DEBUG - adv_disv=False[0m
[36m2023-11-10 17:48:14 - DEBUG - has_dc=15[0m
[36m2023-11-10 17:48:14 - DEBUG - has_bonus=False[0m
[36m2023-11-10 17:49:29 - DEBUG - expression='d20'[0m
[36m2023-11-10 17:49:29 - DEBUG - dies=[('d', '20')][0m
[36m2023-11-10 17:49:29 - DEBUG - adv_disv=False[0m
[36m2023-11-10 17:49:29 - DEBUG - has_dc=False[0m
[36m2023-11-10 17:49:29 - DEBUG - has_bonus=False[0m
[33m2023-11-10 17:49:29 - WARNING - roll=19[0m
[36m2023-11-10 17:49:29 - DEBUG - expression='d20 > d20'[0m
[36m2023-11-10 17:49:29 - DEBUG - dies=[('d', '20'), ('d', '20')][0m
[36m2023-11-10 17:49:29 - DEBUG - adv_disv='>'[0m
[36m2023-11-10 17:49:29 - DEBUG - has_dc=False[0m
[36m2023-11-10 17:49:29 - DEBUG - has_bonus=False[0m
[33m2023-11-10 17:49:29 - WARNING - roll=18[0m
[36m2023-11-10 17:49:29 - DEBUG - expression='d20 + 6 dc 15'[0m
[36m2023-11-10 17:49:29 - DEBUG - dies=[('d', '20')][0m
[36m2023-11-10 17:49:29 - DEBUG - adv_disv=False[0m
[36m2023-11-10 17:49:29 - DEBUG - has_dc=15[0m
[36m2023-11-10 17:49:29 - DEBUG - has_bonus=6[0m
[36m2023-11-10 17:49:29 - DEBUG - bonus: 6[0m
[36m2023-11-10 17:49:29 - DEBUG - expression='d20 - 6 dc 15'[0m
[36m2023-11-10 17:49:29 - DEBUG - dies=[('d', '20')][0m
[36m2023-11-10 17:49:29 - DEBUG - adv_disv=False[0m
[36m2023-11-10 17:49:29 - DEBUG - has_dc=15[0m
[36m2023-11-10 17:49:29 - DEBUG - has_bonus=False[0m
[36m2023-11-10 17:49:29 - DEBUG - expression='3d6'[0m
[36m2023-11-10 17:49:29 - DEBUG - dies=[('d', '6')][0m
[36m2023-11-10 17:49:29 - DEBUG - adv_disv=False[0m
[36m2023-11-10 17:49:29 - DEBUG - has_dc=False[0m
[36m2023-11-10 17:49:29 - DEBUG - has_bonus=False[0m
[33m2023-11-10 17:49:29 - WARNING - roll=5[0m
[36m2023-11-10 17:50:59 - DEBUG - expression='d20'[0m
[36m2023-11-10 17:50:59 - DEBUG - dies=[('d', '20')][0m
[36m2023-11-10 17:50:59 - DEBUG - adv_disv=False[0m
[36m2023-11-10 17:50:59 - DEBUG - has_dc=False[0m
[36m2023-11-10 17:50:59 - DEBUG - has_bonus=False[0m
[36m2023-11-10 17:51:19 - DEBUG - expression='d20'[0m
[36m2023-11-10 17:51:19 - DEBUG - dies=[('d', '20')][0m
[36m2023-11-10 17:51:19 - DEBUG - adv_disv=False[0m
[36m2023-11-10 17:51:19 - DEBUG - has_dc=False[0m
[36m2023-11-10 17:51:19 - DEBUG - has_bonus=False[0m
[36m2023-11-10 17:51:53 - DEBUG - expression='d20'[0m
[36m2023-11-10 17:51:53 - DEBUG - dies=[('d', '20')][0m
[36m2023-11-10 17:51:53 - DEBUG - adv_disv=False[0m
[36m2023-11-10 17:51:53 - DEBUG - has_dc=False[0m
[36m2023-11-10 17:51:53 - DEBUG - has_bonus=False[0m
[32m2023-11-10 17:51:53 - INFO - dies[0][0]='d'
dies[0][-1]='20'[0m
[36m2023-11-10 17:52:09 - DEBUG - expression='d20'[0m
[36m2023-11-10 17:52:09 - DEBUG - dies=[][0m
[36m2023-11-10 17:52:09 - DEBUG - adv_disv=False[0m
[36m2023-11-10 17:52:09 - DEBUG - has_dc=False[0m
[36m2023-11-10 17:52:09 - DEBUG - has_bonus=False[0m
[36m2023-11-10 17:53:14 - DEBUG - expression='d20'[0m
[36m2023-11-10 17:53:14 - DEBUG - dies=[('1', 'd', '20')][0m
[36m2023-11-10 17:53:14 - DEBUG - adv_disv=False[0m
[36m2023-11-10 17:53:14 - DEBUG - has_dc=False[0m
[36m2023-11-10 17:53:14 - DEBUG - has_bonus=False[0m
[32m2023-11-10 17:53:14 - INFO - dies[0][0]='1'
dies[0][-1]='20'[0m
[36m2023-11-10 17:54:01 - DEBUG - expression='d20'[0m
[36m2023-11-10 17:54:01 - DEBUG - dies=[('1', 'd', '20')][0m
[36m2023-11-10 17:54:01 - DEBUG - adv_disv=False[0m
[36m2023-11-10 17:54:01 - DEBUG - has_dc=False[0m
[36m2023-11-10 17:54:01 - DEBUG - has_bonus=False[0m
[32m2023-11-10 17:54:01 - INFO - dies[0][0]='1'
dies[0][-1]='20'[0m
[36m2023-11-10 17:54:24 - DEBUG - expression='d20'[0m
[36m2023-11-10 17:54:24 - DEBUG - dies=[('1', 'd', '20')][0m
[36m2023-11-10 17:54:24 - DEBUG - adv_disv=False[0m
[36m2023-11-10 17:54:24 - DEBUG - has_dc=False[0m
[36m2023-11-10 17:54:24 - DEBUG - has_bonus=False[0m
[32m2023-11-10 17:54:24 - INFO - dies[0][0]='1'
dies[0][-1]='20'[0m
[33m2023-11-10 17:54:24 - WARNING - roll=7[0m
[36m2023-11-10 17:54:24 - DEBUG - expression='d20 > d20'[0m
[36m2023-11-10 17:54:24 - DEBUG - dies=[('1', 'd', '20')][0m
[36m2023-11-10 17:54:24 - DEBUG - adv_disv='>'[0m
[36m2023-11-10 17:54:24 - DEBUG - has_dc=False[0m
[36m2023-11-10 17:54:24 - DEBUG - has_bonus=False[0m
[32m2023-11-10 17:54:24 - INFO - dies[0][0]='1'
dies[0][-1]='20'[0m
[33m2023-11-10 17:54:24 - WARNING - roll=17[0m
[36m2023-11-10 17:54:24 - DEBUG - expression='d20 + 6 dc 15'[0m
[36m2023-11-10 17:54:24 - DEBUG - dies=[('1', 'd', '20')][0m
[36m2023-11-10 17:54:24 - DEBUG - adv_disv=False[0m
[36m2023-11-10 17:54:24 - DEBUG - has_dc=15[0m
[36m2023-11-10 17:54:24 - DEBUG - has_bonus=6[0m
[32m2023-11-10 17:54:24 - INFO - dies[0][0]='1'
dies[0][-1]='20'[0m
[36m2023-11-10 17:54:24 - DEBUG - bonus: 6[0m
[36m2023-11-10 17:54:24 - DEBUG - expression='d20 - 6 dc 15'[0m
[36m2023-11-10 17:54:24 - DEBUG - dies=[('1', 'd', '20')][0m
[36m2023-11-10 17:54:24 - DEBUG - adv_disv=False[0m
[36m2023-11-10 17:54:24 - DEBUG - has_dc=15[0m
[36m2023-11-10 17:54:24 - DEBUG - has_bonus=False[0m
[32m2023-11-10 17:54:24 - INFO - dies[0][0]='1'
dies[0][-1]='20'[0m
[36m2023-11-10 17:54:24 - DEBUG - expression='3d6'[0m
[36m2023-11-10 17:54:24 - DEBUG - dies=[('3', 'd', '6')][0m
[36m2023-11-10 17:54:24 - DEBUG - adv_disv=False[0m
[36m2023-11-10 17:54:24 - DEBUG - has_dc=False[0m
[36m2023-11-10 17:54:24 - DEBUG - has_bonus=False[0m
[32m2023-11-10 17:54:24 - INFO - dies[0][0]='3'
dies[0][-1]='6'[0m
[33m2023-11-10 17:54:24 - WARNING - roll=12[0m
[36m2023-11-10 17:54:43 - DEBUG - expression='d20'[0m
[36m2023-11-10 17:54:43 - DEBUG - dies=[('1', 'd', '20')][0m
[36m2023-11-10 17:54:43 - DEBUG - adv_disv=False[0m
[36m2023-11-10 17:54:43 - DEBUG - has_dc=False[0m
[36m2023-11-10 17:54:43 - DEBUG - has_bonus=False[0m
[32m2023-11-10 17:54:43 - INFO - dies[0][0]='1'
dies[0][-1]='20'[0m
[33m2023-11-10 17:54:43 - WARNING - roll=8[0m
[36m2023-11-10 17:54:43 - DEBUG - expression='d20 > d20'[0m
[36m2023-11-10 17:54:43 - DEBUG - dies=[('1', 'd', '20')][0m
[36m2023-11-10 17:54:43 - DEBUG - adv_disv='>'[0m
[36m2023-11-10 17:54:43 - DEBUG - has_dc=False[0m
[36m2023-11-10 17:54:43 - DEBUG - has_bonus=False[0m
[32m2023-11-10 17:54:43 - INFO - dies[0][0]='1'
dies[0][-1]='20'[0m
[33m2023-11-10 17:54:43 - WARNING - roll=18[0m
[36m2023-11-10 17:54:43 - DEBUG - expression='d20 + 6 dc 15'[0m
[36m2023-11-10 17:54:43 - DEBUG - dies=[('1', 'd', '20')][0m
[36m2023-11-10 17:54:43 - DEBUG - adv_disv=False[0m
[36m2023-11-10 17:54:43 - DEBUG - has_dc=15[0m
[36m2023-11-10 17:54:43 - DEBUG - has_bonus=6[0m
[32m2023-11-10 17:54:43 - INFO - dies[0][0]='1'
dies[0][-1]='20'[0m
[36m2023-11-10 17:54:43 - DEBUG - bonus: 6[0m
[36m2023-11-10 17:54:43 - DEBUG - expression='d20 - 6 dc 15'[0m
[36m2023-11-10 17:54:43 - DEBUG - dies=[('1', 'd', '20')][0m
[36m2023-11-10 17:54:43 - DEBUG - adv_disv=False[0m
[36m2023-11-10 17:54:43 - DEBUG - has_dc=15[0m
[36m2023-11-10 17:54:43 - DEBUG - has_bonus=False[0m
[32m2023-11-10 17:54:43 - INFO - dies[0][0]='1'
dies[0][-1]='20'[0m
[36m2023-11-10 17:54:43 - DEBUG - expression='3d6'[0m
[36m2023-11-10 17:54:43 - DEBUG - dies=[('3', 'd', '6')][0m
[36m2023-11-10 17:54:43 - DEBUG - adv_disv=False[0m
[36m2023-11-10 17:54:43 - DEBUG - has_dc=False[0m
[36m2023-11-10 17:54:43 - DEBUG - has_bonus=False[0m
[32m2023-11-10 17:54:43 - INFO - dies[0][0]='3'
dies[0][-1]='6'[0m
[33m2023-11-10 17:54:43 - WARNING - roll=13[0m
